[2021-01-17 10:54:15] development.ERROR: could not find driver (SQL: create table "migrations" ("id" serial primary key not null, "migration" varchar(255) not null, "batch" integer not null)) {"exception":"[object] (Illuminate\\Database\\QueryException(code: 0): could not find driver (SQL: create table \"migrations\" (\"id\" serial primary key not null, \"migration\" varchar(255) not null, \"batch\" integer not null)) at /var/www/smartworld/vendor/laravel/framework/src/Illuminate/Database/Connection.php:678)
[stacktrace]
#0 /var/www/smartworld/vendor/laravel/framework/src/Illuminate/Database/Connection.php(638): Illuminate\\Database\\Connection->runQueryCallback()
#1 /var/www/smartworld/vendor/laravel/framework/src/Illuminate/Database/Connection.php(472): Illuminate\\Database\\Connection->run()
#2 /var/www/smartworld/vendor/laravel/framework/src/Illuminate/Database/Schema/Blueprint.php(102): Illuminate\\Database\\Connection->statement()
#3 /var/www/smartworld/vendor/laravel/framework/src/Illuminate/Database/Schema/Builder.php(337): Illuminate\\Database\\Schema\\Blueprint->build()
#4 /var/www/smartworld/vendor/laravel/framework/src/Illuminate/Database/Schema/Builder.php(200): Illuminate\\Database\\Schema\\Builder->build()
#5 /var/www/smartworld/vendor/laravel/framework/src/Illuminate/Database/Migrations/DatabaseMigrationRepository.php(157): Illuminate\\Database\\Schema\\Builder->create()
#6 /var/www/smartworld/vendor/laravel/framework/src/Illuminate/Database/Console/Migrations/InstallCommand.php(54): Illuminate\\Database\\Migrations\\DatabaseMigrationRepository->createRepository()
#7 /var/www/smartworld/vendor/laravel/framework/src/Illuminate/Container/BoundMethod.php(36): Illuminate\\Database\\Console\\Migrations\\InstallCommand->handle()
#8 /var/www/smartworld/vendor/laravel/framework/src/Illuminate/Container/Util.php(40): Illuminate\\Container\\BoundMethod::Illuminate\\Container\\{closure}()
#9 /var/www/smartworld/vendor/laravel/framework/src/Illuminate/Container/BoundMethod.php(93): Illuminate\\Container\\Util::unwrapIfClosure()
#10 /var/www/smartworld/vendor/laravel/framework/src/Illuminate/Container/BoundMethod.php(37): Illuminate\\Container\\BoundMethod::callBoundMethod()
#11 /var/www/smartworld/vendor/laravel/framework/src/Illuminate/Container/Container.php(610): Illuminate\\Container\\BoundMethod::call()
#12 /var/www/smartworld/vendor/laravel/framework/src/Illuminate/Console/Command.php(136): Illuminate\\Container\\Container->call()
#13 /var/www/smartworld/vendor/symfony/console/Command/Command.php(255): Illuminate\\Console\\Command->execute()
#14 /var/www/smartworld/vendor/laravel/framework/src/Illuminate/Console/Command.php(121): Symfony\\Component\\Console\\Command\\Command->run()
#15 /var/www/smartworld/vendor/symfony/console/Application.php(971): Illuminate\\Console\\Command->run()
#16 /var/www/smartworld/vendor/symfony/console/Application.php(290): Symfony\\Component\\Console\\Application->doRunCommand()
#17 /var/www/smartworld/vendor/symfony/console/Application.php(166): Symfony\\Component\\Console\\Application->doRun()
#18 /var/www/smartworld/vendor/laravel/framework/src/Illuminate/Console/Application.php(93): Symfony\\Component\\Console\\Application->run()
#19 /var/www/smartworld/vendor/laravel/framework/src/Illuminate/Foundation/Console/Kernel.php(129): Illuminate\\Console\\Application->run()
#20 /var/www/smartworld/artisan(37): Illuminate\\Foundation\\Console\\Kernel->handle()
#21 {main}

[previous exception] [object] (PDOException(code: 0): could not find driver at /var/www/smartworld/vendor/laravel/framework/src/Illuminate/Database/Connectors/Connector.php:70)
[stacktrace]
#0 /var/www/smartworld/vendor/laravel/framework/src/Illuminate/Database/Connectors/Connector.php(70): PDO->__construct()
#1 /var/www/smartworld/vendor/laravel/framework/src/Illuminate/Database/Connectors/Connector.php(46): Illuminate\\Database\\Connectors\\Connector->createPdoConnection()
#2 /var/www/smartworld/vendor/laravel/framework/src/Illuminate/Database/Connectors/PostgresConnector.php(33): Illuminate\\Database\\Connectors\\Connector->createConnection()
#3 /var/www/smartworld/vendor/laravel/framework/src/Illuminate/Database/Connectors/ConnectionFactory.php(184): Illuminate\\Database\\Connectors\\PostgresConnector->connect()
#4 [internal function]: Illuminate\\Database\\Connectors\\ConnectionFactory->Illuminate\\Database\\Connectors\\{closure}()
#5 /var/www/smartworld/vendor/laravel/framework/src/Illuminate/Database/Connection.php(939): call_user_func()
#6 /var/www/smartworld/vendor/laravel/framework/src/Illuminate/Database/Connection.php(465): Illuminate\\Database\\Connection->getPdo()
#7 /var/www/smartworld/vendor/laravel/framework/src/Illuminate/Database/Connection.php(671): Illuminate\\Database\\Connection->Illuminate\\Database\\{closure}()
#8 /var/www/smartworld/vendor/laravel/framework/src/Illuminate/Database/Connection.php(638): Illuminate\\Database\\Connection->runQueryCallback()
#9 /var/www/smartworld/vendor/laravel/framework/src/Illuminate/Database/Connection.php(472): Illuminate\\Database\\Connection->run()
#10 /var/www/smartworld/vendor/laravel/framework/src/Illuminate/Database/Schema/Blueprint.php(102): Illuminate\\Database\\Connection->statement()
#11 /var/www/smartworld/vendor/laravel/framework/src/Illuminate/Database/Schema/Builder.php(337): Illuminate\\Database\\Schema\\Blueprint->build()
#12 /var/www/smartworld/vendor/laravel/framework/src/Illuminate/Database/Schema/Builder.php(200): Illuminate\\Database\\Schema\\Builder->build()
#13 /var/www/smartworld/vendor/laravel/framework/src/Illuminate/Database/Migrations/DatabaseMigrationRepository.php(157): Illuminate\\Database\\Schema\\Builder->create()
#14 /var/www/smartworld/vendor/laravel/framework/src/Illuminate/Database/Console/Migrations/InstallCommand.php(54): Illuminate\\Database\\Migrations\\DatabaseMigrationRepository->createRepository()
#15 /var/www/smartworld/vendor/laravel/framework/src/Illuminate/Container/BoundMethod.php(36): Illuminate\\Database\\Console\\Migrations\\InstallCommand->handle()
#16 /var/www/smartworld/vendor/laravel/framework/src/Illuminate/Container/Util.php(40): Illuminate\\Container\\BoundMethod::Illuminate\\Container\\{closure}()
#17 /var/www/smartworld/vendor/laravel/framework/src/Illuminate/Container/BoundMethod.php(93): Illuminate\\Container\\Util::unwrapIfClosure()
#18 /var/www/smartworld/vendor/laravel/framework/src/Illuminate/Container/BoundMethod.php(37): Illuminate\\Container\\BoundMethod::callBoundMethod()
#19 /var/www/smartworld/vendor/laravel/framework/src/Illuminate/Container/Container.php(610): Illuminate\\Container\\BoundMethod::call()
#20 /var/www/smartworld/vendor/laravel/framework/src/Illuminate/Console/Command.php(136): Illuminate\\Container\\Container->call()
#21 /var/www/smartworld/vendor/symfony/console/Command/Command.php(255): Illuminate\\Console\\Command->execute()
#22 /var/www/smartworld/vendor/laravel/framework/src/Illuminate/Console/Command.php(121): Symfony\\Component\\Console\\Command\\Command->run()
#23 /var/www/smartworld/vendor/symfony/console/Application.php(971): Illuminate\\Console\\Command->run()
#24 /var/www/smartworld/vendor/symfony/console/Application.php(290): Symfony\\Component\\Console\\Application->doRunCommand()
#25 /var/www/smartworld/vendor/symfony/console/Application.php(166): Symfony\\Component\\Console\\Application->doRun()
#26 /var/www/smartworld/vendor/laravel/framework/src/Illuminate/Console/Application.php(93): Symfony\\Component\\Console\\Application->run()
#27 /var/www/smartworld/vendor/laravel/framework/src/Illuminate/Foundation/Console/Kernel.php(129): Illuminate\\Console\\Application->run()
#28 /var/www/smartworld/artisan(37): Illuminate\\Foundation\\Console\\Kernel->handle()
#29 {main}
"} 
[2021-01-17 10:57:24] development.ERROR: SQLSTATE[08006] [7] FATAL:  password authentication failed for user "postgres"
FATAL:  password authentication failed for user "postgres" (SQL: select * from information_schema.tables where table_schema = public and table_name = migrations and table_type = 'BASE TABLE') {"exception":"[object] (Illuminate\\Database\\QueryException(code: 7): SQLSTATE[08006] [7] FATAL:  password authentication failed for user \"postgres\"
FATAL:  password authentication failed for user \"postgres\" (SQL: select * from information_schema.tables where table_schema = public and table_name = migrations and table_type = 'BASE TABLE') at /var/www/smartworld/vendor/laravel/framework/src/Illuminate/Database/Connection.php:678)
[stacktrace]
#0 /var/www/smartworld/vendor/laravel/framework/src/Illuminate/Database/Connection.php(638): Illuminate\\Database\\Connection->runQueryCallback()
#1 /var/www/smartworld/vendor/laravel/framework/src/Illuminate/Database/Connection.php(346): Illuminate\\Database\\Connection->run()
#2 /var/www/smartworld/vendor/laravel/framework/src/Illuminate/Database/Schema/PostgresBuilder.php(20): Illuminate\\Database\\Connection->select()
#3 /var/www/smartworld/vendor/laravel/framework/src/Illuminate/Database/Migrations/DatabaseMigrationRepository.php(169): Illuminate\\Database\\Schema\\PostgresBuilder->hasTable()
#4 /var/www/smartworld/vendor/laravel/framework/src/Illuminate/Database/Migrations/Migrator.php(608): Illuminate\\Database\\Migrations\\DatabaseMigrationRepository->repositoryExists()
#5 /var/www/smartworld/vendor/laravel/framework/src/Illuminate/Database/Console/Migrations/MigrateCommand.php(106): Illuminate\\Database\\Migrations\\Migrator->repositoryExists()
#6 /var/www/smartworld/vendor/laravel/framework/src/Illuminate/Database/Console/Migrations/MigrateCommand.php(77): Illuminate\\Database\\Console\\Migrations\\MigrateCommand->prepareDatabase()
#7 /var/www/smartworld/vendor/laravel/framework/src/Illuminate/Database/Migrations/Migrator.php(541): Illuminate\\Database\\Console\\Migrations\\MigrateCommand->Illuminate\\Database\\Console\\Migrations\\{closure}()
#8 /var/www/smartworld/vendor/laravel/framework/src/Illuminate/Database/Console/Migrations/MigrateCommand.php(94): Illuminate\\Database\\Migrations\\Migrator->usingConnection()
#9 /var/www/smartworld/vendor/laravel/framework/src/Illuminate/Container/BoundMethod.php(36): Illuminate\\Database\\Console\\Migrations\\MigrateCommand->handle()
#10 /var/www/smartworld/vendor/laravel/framework/src/Illuminate/Container/Util.php(40): Illuminate\\Container\\BoundMethod::Illuminate\\Container\\{closure}()
#11 /var/www/smartworld/vendor/laravel/framework/src/Illuminate/Container/BoundMethod.php(93): Illuminate\\Container\\Util::unwrapIfClosure()
#12 /var/www/smartworld/vendor/laravel/framework/src/Illuminate/Container/BoundMethod.php(37): Illuminate\\Container\\BoundMethod::callBoundMethod()
#13 /var/www/smartworld/vendor/laravel/framework/src/Illuminate/Container/Container.php(610): Illuminate\\Container\\BoundMethod::call()
#14 /var/www/smartworld/vendor/laravel/framework/src/Illuminate/Console/Command.php(136): Illuminate\\Container\\Container->call()
#15 /var/www/smartworld/vendor/symfony/console/Command/Command.php(255): Illuminate\\Console\\Command->execute()
#16 /var/www/smartworld/vendor/laravel/framework/src/Illuminate/Console/Command.php(121): Symfony\\Component\\Console\\Command\\Command->run()
#17 /var/www/smartworld/vendor/symfony/console/Application.php(971): Illuminate\\Console\\Command->run()
#18 /var/www/smartworld/vendor/symfony/console/Application.php(290): Symfony\\Component\\Console\\Application->doRunCommand()
#19 /var/www/smartworld/vendor/symfony/console/Application.php(166): Symfony\\Component\\Console\\Application->doRun()
#20 /var/www/smartworld/vendor/laravel/framework/src/Illuminate/Console/Application.php(93): Symfony\\Component\\Console\\Application->run()
#21 /var/www/smartworld/vendor/laravel/framework/src/Illuminate/Foundation/Console/Kernel.php(129): Illuminate\\Console\\Application->run()
#22 /var/www/smartworld/artisan(37): Illuminate\\Foundation\\Console\\Kernel->handle()
#23 {main}

[previous exception] [object] (PDOException(code: 7): SQLSTATE[08006] [7] FATAL:  password authentication failed for user \"postgres\"
FATAL:  password authentication failed for user \"postgres\" at /var/www/smartworld/vendor/laravel/framework/src/Illuminate/Database/Connectors/Connector.php:70)
[stacktrace]
#0 /var/www/smartworld/vendor/laravel/framework/src/Illuminate/Database/Connectors/Connector.php(70): PDO->__construct()
#1 /var/www/smartworld/vendor/laravel/framework/src/Illuminate/Database/Connectors/Connector.php(46): Illuminate\\Database\\Connectors\\Connector->createPdoConnection()
#2 /var/www/smartworld/vendor/laravel/framework/src/Illuminate/Database/Connectors/PostgresConnector.php(33): Illuminate\\Database\\Connectors\\Connector->createConnection()
#3 /var/www/smartworld/vendor/laravel/framework/src/Illuminate/Database/Connectors/ConnectionFactory.php(184): Illuminate\\Database\\Connectors\\PostgresConnector->connect()
#4 [internal function]: Illuminate\\Database\\Connectors\\ConnectionFactory->Illuminate\\Database\\Connectors\\{closure}()
#5 /var/www/smartworld/vendor/laravel/framework/src/Illuminate/Database/Connection.php(939): call_user_func()
#6 /var/www/smartworld/vendor/laravel/framework/src/Illuminate/Database/Connection.php(974): Illuminate\\Database\\Connection->getPdo()
#7 /var/www/smartworld/vendor/laravel/framework/src/Illuminate/Database/Connection.php(412): Illuminate\\Database\\Connection->getReadPdo()
#8 /var/www/smartworld/vendor/laravel/framework/src/Illuminate/Database/Connection.php(338): Illuminate\\Database\\Connection->getPdoForSelect()
#9 /var/www/smartworld/vendor/laravel/framework/src/Illuminate/Database/Connection.php(671): Illuminate\\Database\\Connection->Illuminate\\Database\\{closure}()
#10 /var/www/smartworld/vendor/laravel/framework/src/Illuminate/Database/Connection.php(638): Illuminate\\Database\\Connection->runQueryCallback()
#11 /var/www/smartworld/vendor/laravel/framework/src/Illuminate/Database/Connection.php(346): Illuminate\\Database\\Connection->run()
#12 /var/www/smartworld/vendor/laravel/framework/src/Illuminate/Database/Schema/PostgresBuilder.php(20): Illuminate\\Database\\Connection->select()
#13 /var/www/smartworld/vendor/laravel/framework/src/Illuminate/Database/Migrations/DatabaseMigrationRepository.php(169): Illuminate\\Database\\Schema\\PostgresBuilder->hasTable()
#14 /var/www/smartworld/vendor/laravel/framework/src/Illuminate/Database/Migrations/Migrator.php(608): Illuminate\\Database\\Migrations\\DatabaseMigrationRepository->repositoryExists()
#15 /var/www/smartworld/vendor/laravel/framework/src/Illuminate/Database/Console/Migrations/MigrateCommand.php(106): Illuminate\\Database\\Migrations\\Migrator->repositoryExists()
#16 /var/www/smartworld/vendor/laravel/framework/src/Illuminate/Database/Console/Migrations/MigrateCommand.php(77): Illuminate\\Database\\Console\\Migrations\\MigrateCommand->prepareDatabase()
#17 /var/www/smartworld/vendor/laravel/framework/src/Illuminate/Database/Migrations/Migrator.php(541): Illuminate\\Database\\Console\\Migrations\\MigrateCommand->Illuminate\\Database\\Console\\Migrations\\{closure}()
#18 /var/www/smartworld/vendor/laravel/framework/src/Illuminate/Database/Console/Migrations/MigrateCommand.php(94): Illuminate\\Database\\Migrations\\Migrator->usingConnection()
#19 /var/www/smartworld/vendor/laravel/framework/src/Illuminate/Container/BoundMethod.php(36): Illuminate\\Database\\Console\\Migrations\\MigrateCommand->handle()
#20 /var/www/smartworld/vendor/laravel/framework/src/Illuminate/Container/Util.php(40): Illuminate\\Container\\BoundMethod::Illuminate\\Container\\{closure}()
#21 /var/www/smartworld/vendor/laravel/framework/src/Illuminate/Container/BoundMethod.php(93): Illuminate\\Container\\Util::unwrapIfClosure()
#22 /var/www/smartworld/vendor/laravel/framework/src/Illuminate/Container/BoundMethod.php(37): Illuminate\\Container\\BoundMethod::callBoundMethod()
#23 /var/www/smartworld/vendor/laravel/framework/src/Illuminate/Container/Container.php(610): Illuminate\\Container\\BoundMethod::call()
#24 /var/www/smartworld/vendor/laravel/framework/src/Illuminate/Console/Command.php(136): Illuminate\\Container\\Container->call()
#25 /var/www/smartworld/vendor/symfony/console/Command/Command.php(255): Illuminate\\Console\\Command->execute()
#26 /var/www/smartworld/vendor/laravel/framework/src/Illuminate/Console/Command.php(121): Symfony\\Component\\Console\\Command\\Command->run()
#27 /var/www/smartworld/vendor/symfony/console/Application.php(971): Illuminate\\Console\\Command->run()
#28 /var/www/smartworld/vendor/symfony/console/Application.php(290): Symfony\\Component\\Console\\Application->doRunCommand()
#29 /var/www/smartworld/vendor/symfony/console/Application.php(166): Symfony\\Component\\Console\\Application->doRun()
#30 /var/www/smartworld/vendor/laravel/framework/src/Illuminate/Console/Application.php(93): Symfony\\Component\\Console\\Application->run()
#31 /var/www/smartworld/vendor/laravel/framework/src/Illuminate/Foundation/Console/Kernel.php(129): Illuminate\\Console\\Application->run()
#32 /var/www/smartworld/artisan(37): Illuminate\\Foundation\\Console\\Kernel->handle()
#33 {main}
"} 
[2021-01-17 16:44:42] development.ERROR: The /var/www/smartworld/bootstrap/cache directory must be present and writable. {"exception":"[object] (Exception(code: 0): The /var/www/smartworld/bootstrap/cache directory must be present and writable. at /var/www/smartworld/vendor/laravel/framework/src/Illuminate/Foundation/PackageManifest.php:177)
[stacktrace]
#0 /var/www/smartworld/vendor/laravel/framework/src/Illuminate/Foundation/PackageManifest.php(136): Illuminate\\Foundation\\PackageManifest->write()
#1 /var/www/smartworld/vendor/laravel/framework/src/Illuminate/Foundation/Console/PackageDiscoverCommand.php(32): Illuminate\\Foundation\\PackageManifest->build()
#2 /var/www/smartworld/vendor/laravel/framework/src/Illuminate/Container/BoundMethod.php(36): Illuminate\\Foundation\\Console\\PackageDiscoverCommand->handle()
#3 /var/www/smartworld/vendor/laravel/framework/src/Illuminate/Container/Util.php(40): Illuminate\\Container\\BoundMethod::Illuminate\\Container\\{closure}()
#4 /var/www/smartworld/vendor/laravel/framework/src/Illuminate/Container/BoundMethod.php(93): Illuminate\\Container\\Util::unwrapIfClosure()
#5 /var/www/smartworld/vendor/laravel/framework/src/Illuminate/Container/BoundMethod.php(37): Illuminate\\Container\\BoundMethod::callBoundMethod()
#6 /var/www/smartworld/vendor/laravel/framework/src/Illuminate/Container/Container.php(610): Illuminate\\Container\\BoundMethod::call()
#7 /var/www/smartworld/vendor/laravel/framework/src/Illuminate/Console/Command.php(136): Illuminate\\Container\\Container->call()
#8 /var/www/smartworld/vendor/symfony/console/Command/Command.php(255): Illuminate\\Console\\Command->execute()
#9 /var/www/smartworld/vendor/laravel/framework/src/Illuminate/Console/Command.php(121): Symfony\\Component\\Console\\Command\\Command->run()
#10 /var/www/smartworld/vendor/symfony/console/Application.php(971): Illuminate\\Console\\Command->run()
#11 /var/www/smartworld/vendor/symfony/console/Application.php(290): Symfony\\Component\\Console\\Application->doRunCommand()
#12 /var/www/smartworld/vendor/symfony/console/Application.php(166): Symfony\\Component\\Console\\Application->doRun()
#13 /var/www/smartworld/vendor/laravel/framework/src/Illuminate/Console/Application.php(93): Symfony\\Component\\Console\\Application->run()
#14 /var/www/smartworld/vendor/laravel/framework/src/Illuminate/Foundation/Console/Kernel.php(129): Illuminate\\Console\\Application->run()
#15 /var/www/smartworld/artisan(37): Illuminate\\Foundation\\Console\\Kernel->handle()
#16 {main}
"} 
[2021-01-17 16:48:42] development.ERROR: The /var/www/smartworld/bootstrap/cache directory must be present and writable. {"exception":"[object] (Exception(code: 0): The /var/www/smartworld/bootstrap/cache directory must be present and writable. at /var/www/smartworld/vendor/laravel/framework/src/Illuminate/Foundation/PackageManifest.php:177)
[stacktrace]
#0 /var/www/smartworld/vendor/laravel/framework/src/Illuminate/Foundation/PackageManifest.php(136): Illuminate\\Foundation\\PackageManifest->write()
#1 /var/www/smartworld/vendor/laravel/framework/src/Illuminate/Foundation/Console/PackageDiscoverCommand.php(32): Illuminate\\Foundation\\PackageManifest->build()
#2 /var/www/smartworld/vendor/laravel/framework/src/Illuminate/Container/BoundMethod.php(36): Illuminate\\Foundation\\Console\\PackageDiscoverCommand->handle()
#3 /var/www/smartworld/vendor/laravel/framework/src/Illuminate/Container/Util.php(40): Illuminate\\Container\\BoundMethod::Illuminate\\Container\\{closure}()
#4 /var/www/smartworld/vendor/laravel/framework/src/Illuminate/Container/BoundMethod.php(93): Illuminate\\Container\\Util::unwrapIfClosure()
#5 /var/www/smartworld/vendor/laravel/framework/src/Illuminate/Container/BoundMethod.php(37): Illuminate\\Container\\BoundMethod::callBoundMethod()
#6 /var/www/smartworld/vendor/laravel/framework/src/Illuminate/Container/Container.php(610): Illuminate\\Container\\BoundMethod::call()
#7 /var/www/smartworld/vendor/laravel/framework/src/Illuminate/Console/Command.php(136): Illuminate\\Container\\Container->call()
#8 /var/www/smartworld/vendor/symfony/console/Command/Command.php(255): Illuminate\\Console\\Command->execute()
#9 /var/www/smartworld/vendor/laravel/framework/src/Illuminate/Console/Command.php(121): Symfony\\Component\\Console\\Command\\Command->run()
#10 /var/www/smartworld/vendor/symfony/console/Application.php(971): Illuminate\\Console\\Command->run()
#11 /var/www/smartworld/vendor/symfony/console/Application.php(290): Symfony\\Component\\Console\\Application->doRunCommand()
#12 /var/www/smartworld/vendor/symfony/console/Application.php(166): Symfony\\Component\\Console\\Application->doRun()
#13 /var/www/smartworld/vendor/laravel/framework/src/Illuminate/Console/Application.php(93): Symfony\\Component\\Console\\Application->run()
#14 /var/www/smartworld/vendor/laravel/framework/src/Illuminate/Foundation/Console/Kernel.php(129): Illuminate\\Console\\Application->run()
#15 /var/www/smartworld/artisan(37): Illuminate\\Foundation\\Console\\Kernel->handle()
#16 {main}
"} 
[2021-01-17 17:13:50] development.ERROR: The /var/www/smartworld/bootstrap/cache directory must be present and writable. {"exception":"[object] (Exception(code: 0): The /var/www/smartworld/bootstrap/cache directory must be present and writable. at /var/www/smartworld/vendor/laravel/framework/src/Illuminate/Foundation/PackageManifest.php:177)
[stacktrace]
#0 /var/www/smartworld/vendor/laravel/framework/src/Illuminate/Foundation/PackageManifest.php(136): Illuminate\\Foundation\\PackageManifest->write()
#1 /var/www/smartworld/vendor/laravel/framework/src/Illuminate/Foundation/Console/PackageDiscoverCommand.php(32): Illuminate\\Foundation\\PackageManifest->build()
#2 /var/www/smartworld/vendor/laravel/framework/src/Illuminate/Container/BoundMethod.php(36): Illuminate\\Foundation\\Console\\PackageDiscoverCommand->handle()
#3 /var/www/smartworld/vendor/laravel/framework/src/Illuminate/Container/Util.php(40): Illuminate\\Container\\BoundMethod::Illuminate\\Container\\{closure}()
#4 /var/www/smartworld/vendor/laravel/framework/src/Illuminate/Container/BoundMethod.php(93): Illuminate\\Container\\Util::unwrapIfClosure()
#5 /var/www/smartworld/vendor/laravel/framework/src/Illuminate/Container/BoundMethod.php(37): Illuminate\\Container\\BoundMethod::callBoundMethod()
#6 /var/www/smartworld/vendor/laravel/framework/src/Illuminate/Container/Container.php(610): Illuminate\\Container\\BoundMethod::call()
#7 /var/www/smartworld/vendor/laravel/framework/src/Illuminate/Console/Command.php(136): Illuminate\\Container\\Container->call()
#8 /var/www/smartworld/vendor/symfony/console/Command/Command.php(255): Illuminate\\Console\\Command->execute()
#9 /var/www/smartworld/vendor/laravel/framework/src/Illuminate/Console/Command.php(121): Symfony\\Component\\Console\\Command\\Command->run()
#10 /var/www/smartworld/vendor/symfony/console/Application.php(971): Illuminate\\Console\\Command->run()
#11 /var/www/smartworld/vendor/symfony/console/Application.php(290): Symfony\\Component\\Console\\Application->doRunCommand()
#12 /var/www/smartworld/vendor/symfony/console/Application.php(166): Symfony\\Component\\Console\\Application->doRun()
#13 /var/www/smartworld/vendor/laravel/framework/src/Illuminate/Console/Application.php(93): Symfony\\Component\\Console\\Application->run()
#14 /var/www/smartworld/vendor/laravel/framework/src/Illuminate/Foundation/Console/Kernel.php(129): Illuminate\\Console\\Application->run()
#15 /var/www/smartworld/artisan(37): Illuminate\\Foundation\\Console\\Kernel->handle()
#16 {main}
"} 
